# JRE version: OpenJDK Runtime Environment Temurin-21.0.12.1+1 (21.0.12.1+1) (build 21.0.12.1+1-LTS)
# Java VM: OpenJDK 64-Bit Server VM Temurin-21.0.12.1+1 (21.0.12.1+1-LTS, mixed mode, sharing, tiered, compressed oops, compressed class ptrs, g1 gc, windows-amd64)
GC Precious Log:
 CardTable entry size: 512
 Card Set container configuration: InlinePtr #cards 4 size 8 Array Of Cards #cards 32 size 80 Howl #buckets 8 coarsen threshold 7372 Howl Bitmap #cards 1024 size 144 coarsen threshold 921 Card regions per heap region 1 cards per card region 8192
 CPUs: 12 total, 12 available
 Memory: 7884M
 Large Page Support: Disabled
 NUMA Support: Disabled
 Compressed Oops: Enabled (Zero based)
 Heap Region Size: 4M
 Heap Min Capacity: 8M
 Heap Initial Capacity: 124M
 Heap Max Capacity: 8G
 Pre-touch: Disabled
 Parallel Workers: 10
 Concurrent Workers: 3
 Concurrent Refinement Workers: 10
 Periodic GC: Disabled
Heap:
 garbage-first heap   total 225280K, used 164641K [0x0000000600000000, 0x0000000800000000)
  region size 4096K, 3 young (12288K), 1 survivors (4096K)
 Metaspace       used 128740K, committed 131328K, reserved 1179648K
  class space    used 18449K, committed 19712K, reserved 1048576K
GC Heap History (20 events):
Event: 83.271 GC heap before
{Heap before GC invocations=35 (full 0):
 garbage-first heap   total 163840K, used 141890K [0x0000000600000000, 0x0000000800000000)
  region size 4096K, 13 young (53248K), 1 survivors (4096K)
 Metaspace       used 90322K, committed 92608K, reserved 1179648K
  class space    used 13006K, committed 14144K, reserved 1048576K
}
Event: 83.275 GC heap after
{Heap after GC invocations=36 (full 0):
 garbage-first heap   total 163840K, used 103453K [0x0000000600000000, 0x0000000800000000)
  region size 4096K, 2 young (8192K), 2 survivors (8192K)
 Metaspace       used 90322K, committed 92608K, reserved 1179648K
  class space    used 13006K, committed 14144K, reserved 1048576K
}
Event: 83.838 GC heap before
{Heap before GC invocations=37 (full 0):
 garbage-first heap   total 180224K, used 144413K [0x0000000600000000, 0x0000000800000000)
  region size 4096K, 12 young (49152K), 2 survivors (8192K)
 Metaspace       used 93265K, committed 95616K, reserved 1179648K
  class space    used 13420K, committed 14592K, reserved 1048576K
}
Event: 83.842 GC heap after
{Heap after GC invocations=38 (full 0):
 garbage-first heap   total 180224K, used 108005K [0x0000000600000000, 0x0000000800000000)
  region size 4096K, 1 young (4096K), 1 survivors (4096K)
 Metaspace       used 93265K, committed 95616K, reserved 1179648K
  class space    used 13420K, committed 14592K, reserved 1048576K
}
Event: 84.491 GC heap before
{Heap before GC invocations=38 (full 0):
 garbage-first heap   total 180224K, used 161253K [0x0000000600000000, 0x0000000800000000)
  region size 4096K, 14 young (57344K), 1 survivors (4096K)
 Metaspace       used 96582K, committed 99008K, reserved 1179648K
  class space    used 13881K, committed 15040K, reserved 1048576K
}
Event: 84.495 GC heap after
{Heap after GC invocations=39 (full 0):
 garbage-first heap   total 180224K, used 109723K [0x0000000600000000, 0x0000000800000000)
  region size 4096K, 2 young (8192K), 2 survivors (8192K)
 Metaspace       used 96582K, committed 99008K, reserved 1179648K
  class space    used 13881K, committed 15040K, reserved 1048576K
}
Event: 85.047 GC heap before
{Heap before GC invocations=39 (full 0):
 garbage-first heap   total 180224K, used 158875K [0x0000000600000000, 0x0000000800000000)
  region size 4096K, 14 young (57344K), 2 survivors (8192K)
 Metaspace       used 100458K, committed 102848K, reserved 1179648K
  class space    used 14587K, committed 15744K, reserved 1048576K
}
Event: 85.050 GC heap after
{Heap after GC invocations=40 (full 0):
 garbage-first heap   total 180224K, used 111812K [0x0000000600000000, 0x0000000800000000)
  region size 4096K, 2 young (8192K), 2 survivors (8192K)
 Metaspace       used 100458K, committed 102848K, reserved 1179648K
  class space    used 14587K, committed 15744K, reserved 1048576K
}
Event: 85.589 GC heap before
{Heap before GC invocations=41 (full 0):
 garbage-first heap   total 200704K, used 160964K [0x0000000600000000, 0x0000000800000000)
  region size 4096K, 14 young (57344K), 2 survivors (8192K)
 Metaspace       used 103427K, committed 105856K, reserved 1179648K
  class space    used 14995K, committed 16192K, reserved 1048576K
}
Event: 85.593 GC heap after
{Heap after GC invocations=42 (full 0):
 garbage-first heap   total 200704K, used 113578K [0x0000000600000000, 0x0000000800000000)
  region size 4096K, 1 young (4096K), 1 survivors (4096K)
 Metaspace       used 103427K, committed 105856K, reserved 1179648K
  class space    used 14995K, committed 16192K, reserved 1048576K
}
Event: 86.539 GC heap before
{Heap before GC invocations=42 (full 0):
 garbage-first heap   total 200704K, used 179114K [0x0000000600000000, 0x0000000800000000)
  region size 4096K, 18 young (73728K), 1 survivors (4096K)
 Metaspace       used 111669K, committed 114112K, reserved 1179648K
  class space    used 16461K, committed 17664K, reserved 1048576K
}
Event: 86.543 GC heap after
{Heap after GC invocations=43 (full 0):
 garbage-first heap   total 200704K, used 114609K [0x0000000600000000, 0x0000000800000000)
  region size 4096K, 2 young (8192K), 2 survivors (8192K)
 Metaspace       used 111669K, committed 114112K, reserved 1179648K
  class space    used 16461K, committed 17664K, reserved 1048576K
}
Event: 87.527 GC heap before
{Heap before GC invocations=43 (full 0):
 garbage-first heap   total 200704K, used 184241K [0x0000000600000000, 0x0000000800000000)
  region size 4096K, 19 young (77824K), 2 survivors (8192K)
 Metaspace       used 121302K, committed 123840K, reserved 1179648K
  class space    used 17644K, committed 18880K, reserved 1048576K
}
Event: 87.531 GC heap after
{Heap after GC invocations=44 (full 0):
 garbage-first heap   total 200704K, used 116392K [0x0000000600000000, 0x0000000800000000)
  region size 4096K, 3 young (12288K), 3 survivors (12288K)
 Metaspace       used 121302K, committed 123840K, reserved 1179648K
  class space    used 17644K, committed 18880K, reserved 1048576K
}
Event: 87.763 GC heap before
{Heap before GC invocations=45 (full 0):
 garbage-first heap   total 204800K, used 181928K [0x0000000600000000, 0x0000000800000000)
  region size 4096K, 19 young (77824K), 3 survivors (12288K)
 Metaspace       used 121328K, committed 123840K, reserved 1179648K
  class space    used 17648K, committed 18880K, reserved 1048576K
}
Event: 87.774 GC heap after
{Heap after GC invocations=46 (full 0):
 garbage-first heap   total 225280K, used 143796K [0x0000000600000000, 0x0000000800000000)
  region size 4096K, 3 young (12288K), 3 survivors (12288K)
 Metaspace       used 121328K, committed 123840K, reserved 1179648K
  class space    used 17648K, committed 18880K, reserved 1048576K
}
Event: 88.323 GC heap before
{Heap before GC invocations=46 (full 0):
 garbage-first heap   total 225280K, used 192948K [0x0000000600000000, 0x0000000800000000)
  region size 4096K, 15 young (61440K), 3 survivors (12288K)
 Metaspace       used 123878K, committed 126464K, reserved 1179648K
  class space    used 17920K, committed 19200K, reserved 1048576K
}
Event: 88.332 GC heap after
{Heap after GC invocations=47 (full 0):
 garbage-first heap   total 225280K, used 156669K [0x0000000600000000, 0x0000000800000000)
  region size 4096K, 2 young (8192K), 2 survivors (8192K)
 Metaspace       used 123878K, committed 126464K, reserved 1179648K
  class space    used 17920K, committed 19200K, reserved 1048576K
}
Event: 88.845 GC heap before
{Heap before GC invocations=47 (full 0):
 garbage-first heap   total 225280K, used 193533K [0x0000000600000000, 0x0000000800000000)
  region size 4096K, 11 young (45056K), 2 survivors (8192K)
 Metaspace       used 128328K, committed 130880K, reserved 1179648K
  class space    used 18414K, committed 19648K, reserved 1048576K
}
Event: 88.848 GC heap after
{Heap after GC invocations=48 (full 0):
 garbage-first heap   total 225280K, used 160545K [0x0000000600000000, 0x0000000800000000)
  region size 4096K, 1 young (4096K), 1 survivors (4096K)
 Metaspace       used 128328K, committed 130880K, reserved 1179648K
  class space    used 18414K, committed 19648K, reserved 1048576K
}

